\BOOKMARK [0][-]{chapter*.2}{\376\377\004\022\004\062\004\065\004\064\004\065\004\075\004\070\004\065}{}% 1
\BOOKMARK [0][-]{chapter.1}{\376\377\004\022\004\113\004\077\004\076\004\073\004\075\004\065\004\075\004\070\004\065\000\040\004\100\004\060\004\061\004\076\004\102\004\113}{}% 2
\BOOKMARK [1][-]{section.1.1}{\376\377\004\022\004\113\004\061\004\076\004\100\000\040\004\075\004\060\004\061\004\076\004\100\004\060\000\040\004\064\004\060\004\075\004\075\004\113\004\105}{chapter.1}% 3
\BOOKMARK [1][-]{section.1.2}{\376\377\004\042\004\065\004\076\004\100\004\065\004\102\004\070\004\107\004\065\004\101\004\072\004\076\004\065\000\040\004\076\004\061\004\076\004\101\004\075\004\076\004\062\004\060\004\075\004\070\004\065}{chapter.1}% 4
\BOOKMARK [2][-]{subsection.1.2.1}{\376\377\004\027\004\060\004\077\004\076\004\073\004\075\004\065\004\075\004\070\004\065\000\040\004\077\004\100\004\076\004\077\004\103\004\101\004\072\004\076\004\062\000\040\004\062\000\040\004\064\004\060\004\075\004\075\004\113\004\105}{section.1.2}% 5
\BOOKMARK [2][-]{subsection.1.2.2}{\376\377\004\034\004\060\004\101\004\110\004\102\004\060\004\061\004\070\004\100\004\076\004\062\004\060\004\075\004\070\004\065\000\040\004\077\004\100\004\070\004\067\004\075\004\060\004\072\004\076\004\062}{section.1.2}% 6
\BOOKMARK [2][-]{subsection.1.2.3}{\376\377\004\036\004\061\004\100\004\060\004\061\004\076\004\102\004\072\004\060\000\040\004\072\004\060\004\102\004\065\004\063\004\076\004\100\004\070\004\060\004\073\004\114\004\075\004\113\004\105\000\040\004\064\004\060\004\075\004\075\004\113\004\105}{section.1.2}% 7
\BOOKMARK [2][-]{subsection.1.2.4}{\376\377\004\037\004\076\004\101\004\102\004\100\004\076\004\065\004\075\004\070\004\065\000\040\004\077\004\060\004\071\004\077\004\073\004\060\004\071\004\075\004\060}{section.1.2}% 8
\BOOKMARK [1][-]{section.1.3}{\376\377\004\045\004\076\004\064\000\040\004\062\004\113\004\077\004\076\004\073\004\075\004\065\004\075\004\070\004\117\000\040\004\100\004\060\004\061\004\076\004\102\004\113}{chapter.1}% 9
\BOOKMARK [2][-]{subsection.1.3.1}{\376\377\004\050\004\060\004\063\000\040\0001\000:\000\040\004\027\004\060\004\063\004\100\004\103\004\067\004\072\004\060\000\040\004\070\000\040\004\077\004\065\004\100\004\062\004\070\004\107\004\075\004\113\004\071\000\040\004\060\004\075\004\060\004\073\004\070\004\067\000\040\004\064\004\060\004\075\004\075\004\113\004\105}{section.1.3}% 10
\BOOKMARK [2][-]{subsection.1.3.2}{\376\377\004\050\004\060\004\063\000\040\0002\000:\000\040\004\022\004\070\004\067\004\103\004\060\004\073\004\070\004\067\004\060\004\106\004\070\004\117\000\040\004\064\004\060\004\075\004\075\004\113\004\105}{section.1.3}% 11
\BOOKMARK [2][-]{subsection.1.3.3}{\376\377\004\050\004\060\004\063\000\040\0003\000:\000\040\004\036\004\061\004\100\004\060\004\061\004\076\004\102\004\072\004\060\000\040\004\072\004\060\004\102\004\065\004\063\004\076\004\100\004\070\004\060\004\073\004\114\004\075\004\113\004\105\000\040\004\064\004\060\004\075\004\075\004\113\004\105}{section.1.3}% 12
\BOOKMARK [2][-]{subsection.1.3.4}{\376\377\004\050\004\060\004\063\000\040\0004\000:\000\040\004\034\004\060\004\101\004\110\004\102\004\060\004\061\004\070\004\100\004\076\004\062\004\060\004\075\004\070\004\065\000\040\004\077\004\100\004\070\004\067\004\075\004\060\004\072\004\076\004\062}{section.1.3}% 13
\BOOKMARK [2][-]{subsection.1.3.5}{\376\377\004\050\004\060\004\063\000\040\0005\000:\000\040\004\037\004\076\004\101\004\102\004\100\004\076\004\065\004\075\004\070\004\065\000\040\004\077\004\060\004\071\004\077\004\073\004\060\004\071\004\075\004\060}{section.1.3}% 14
\BOOKMARK [2][-]{subsection.1.3.6}{\376\377\004\050\004\060\004\063\000\040\0006\000:\000\040\004\040\004\060\004\067\004\064\004\065\004\073\004\065\004\075\004\070\004\065\000\040\004\075\004\060\000\040\004\076\004\061\004\103\004\107\004\060\004\116\004\111\004\103\004\116\000\040\004\070\000\040\004\102\004\065\004\101\004\102\004\076\004\062\004\103\004\116\000\040\004\062\004\113\004\061\004\076\004\100\004\072\004\070}{section.1.3}% 15
\BOOKMARK [2][-]{subsection.1.3.7}{\376\377\004\050\004\060\004\063\000\040\0007\000:\000\040\004\036\004\061\004\103\004\107\004\065\004\075\004\070\004\065\000\040\004\074\004\076\004\064\004\065\004\073\004\070\000\040\004\070\000\040\004\076\004\106\004\065\004\075\004\072\004\060\000\040\004\072\004\060\004\107\004\065\004\101\004\102\004\062\004\060}{section.1.3}% 16
\BOOKMARK [2][-]{subsection.1.3.8}{\376\377\004\050\004\060\004\063\000\040\0008\000:\000\040\004\022\004\070\004\067\004\103\004\060\004\073\004\070\004\067\004\060\004\106\004\070\004\117\000\040\004\100\004\065\004\067\004\103\004\073\004\114\004\102\004\060\004\102\004\076\004\062}{section.1.3}% 17
\BOOKMARK [2][-]{subsection.1.3.9}{\376\377\004\050\004\060\004\063\000\040\0009\000:\000\040\004\037\004\100\004\070\004\074\004\065\004\075\004\065\004\075\004\070\004\065\000\040\004\077\004\060\004\071\004\077\004\073\004\060\004\071\004\075\004\060\000\040\004\064\004\073\004\117\000\040\004\075\004\076\004\062\004\113\004\105\000\040\004\064\004\060\004\075\004\075\004\113\004\105}{section.1.3}% 18
\BOOKMARK [1][-]{section.1.4}{\376\377\004\040\004\065\004\067\004\103\004\073\004\114\004\102\004\060\004\102\004\113\000\040\004\060\004\075\004\060\004\073\004\070\004\067\004\060}{chapter.1}% 19
\BOOKMARK [1][-]{section.1.5}{\376\377\004\032\004\076\004\075\004\102\004\100\004\076\004\073\004\114\004\075\004\113\004\065\000\040\004\062\004\076\004\077\004\100\004\076\004\101\004\113}{chapter.1}% 20
\BOOKMARK [1][-]{section.1.6}{\376\377\004\033\004\070\004\101\004\102\004\070\004\075\004\063\000\040\004\077\004\100\004\076\004\063\004\100\004\060\004\074\004\074\004\113}{chapter.1}% 21
