\BOOKMARK [0][-]{chapter*.2}{\376\377\004\022\004\062\004\065\004\064\004\065\004\075\004\070\004\065}{}% 1
\BOOKMARK [0][-]{chapter.1}{\376\377\004\022\004\113\004\077\004\076\004\073\004\075\004\065\004\075\004\070\004\065\000\040\004\073\004\060\004\061\004\076\004\100\004\060\004\102\004\076\004\100\004\075\004\076\004\071\000\040\004\100\004\060\004\061\004\076\004\102\004\113\000\040\041\026\0007}{}% 2
\BOOKMARK [1][-]{section.1.1}{\376\377\004\022\004\113\004\061\004\076\004\100\000\040\004\075\004\060\004\061\004\076\004\100\004\060\000\040\004\064\004\060\004\075\004\075\004\113\004\105}{chapter.1}% 3
\BOOKMARK [1][-]{section.1.2}{\376\377\004\042\004\065\004\076\004\100\004\065\004\102\004\070\004\107\004\065\004\101\004\072\004\076\004\065\000\040\004\076\004\061\004\076\004\101\004\075\004\076\004\062\004\060\004\075\004\070\004\065}{chapter.1}% 4
\BOOKMARK [2][-]{subsection.1.2.1}{\376\377\004\041\004\102\004\100\004\060\004\102\004\065\004\063\004\070\004\070\000\040\004\062\004\113\004\061\004\076\004\100\004\060\000\040\004\067\004\075\004\060\004\107\004\070\004\074\004\113\004\105\000\040\004\077\004\065\004\100\004\065\004\074\004\065\004\075\004\075\004\113\004\105}{section.1.2}% 5
\BOOKMARK [1][-]{section.1.3}{\376\377\004\045\004\076\004\064\000\040\004\062\004\113\004\077\004\076\004\073\004\075\004\065\004\075\004\070\004\117\000\040\004\100\004\060\004\061\004\076\004\102\004\113}{chapter.1}% 6
\BOOKMARK [2][-]{subsection.1.3.1}{\376\377\004\050\004\060\004\063\000\040\0001\000:\000\040\004\027\004\060\004\063\004\100\004\103\004\067\004\072\004\060\000\040\004\070\000\040\004\077\004\065\004\100\004\062\004\070\004\107\004\075\004\113\004\071\000\040\004\060\004\075\004\060\004\073\004\070\004\067\000\040\004\064\004\060\004\075\004\075\004\113\004\105}{section.1.3}% 7
\BOOKMARK [2][-]{subsection.1.3.2}{\376\377\004\050\004\060\004\063\000\040\0002\000:\000\040\004\020\004\075\004\060\004\073\004\070\004\067\000\040\004\072\004\076\004\100\004\100\004\065\004\073\004\117\004\106\004\070\004\070\000\040\004\077\004\100\004\070\004\067\004\075\004\060\004\072\004\076\004\062}{section.1.3}% 8
\BOOKMARK [2][-]{subsection.1.3.3}{\376\377\004\050\004\060\004\063\000\040\0003\000:\000\040\004\036\004\061\004\100\004\060\004\061\004\076\004\102\004\072\004\060\000\040\004\072\004\060\004\102\004\065\004\063\004\076\004\100\004\070\004\060\004\073\004\114\004\075\004\113\004\105\000\040\004\064\004\060\004\075\004\075\004\113\004\105}{section.1.3}% 9
\BOOKMARK [2][-]{subsection.1.3.4}{\376\377\004\050\004\060\004\063\000\040\0004\000:\000\040\004\040\004\060\004\067\004\064\004\065\004\073\004\065\004\075\004\070\004\065\000\040\004\075\004\060\000\040\004\076\004\061\004\103\004\107\004\060\004\116\004\111\004\103\004\116\000\040\004\070\000\040\004\102\004\065\004\101\004\102\004\076\004\062\004\103\004\116\000\040\004\062\004\113\004\061\004\076\004\100\004\072\004\070}{section.1.3}% 10
\BOOKMARK [2][-]{subsection.1.3.5}{\376\377\004\050\004\060\004\063\000\040\0005\000:\000\040\004\034\004\076\004\064\004\065\004\073\004\114\000\040\004\101\004\076\000\040\004\062\004\101\004\065\004\074\004\070\000\040\004\077\004\100\004\070\004\067\004\075\004\060\004\072\004\060\004\074\004\070\000\040\000\050\000A\000l\000l\000-\000i\000n\000\051}{section.1.3}% 11
\BOOKMARK [2][-]{subsection.1.3.6}{\376\377\004\050\004\060\004\063\000\040\0006\000:\000\040\000B\000a\000c\000k\000w\000a\000r\000d\000\040\000E\000l\000i\000m\000i\000n\000a\000t\000i\000o\000n\000\040\004\101\000\040\004\070\004\101\004\077\004\076\004\073\004\114\004\067\004\076\004\062\004\060\004\075\004\070\004\065\004\074\000\040\000p\000-\004\067\004\075\004\060\004\107\004\065\004\075\004\070\004\071}{section.1.3}% 12
\BOOKMARK [2][-]{subsection.1.3.7}{\376\377\004\050\004\060\004\063\000\040\0007\000:\000\040\004\034\004\076\004\064\004\065\004\073\004\114\000\040\004\101\004\076\000\040\004\067\004\075\004\060\004\107\004\070\004\074\004\113\004\074\004\070\000\040\004\077\004\100\004\070\004\067\004\075\004\060\004\072\004\060\004\074\004\070}{section.1.3}% 13
\BOOKMARK [2][-]{subsection.1.3.8}{\376\377\004\050\004\060\004\063\000\040\0008\000:\000\040\004\020\004\075\004\060\004\073\004\070\004\067\000\040\004\062\004\060\004\066\004\075\004\076\004\101\004\102\004\070\000\040\004\077\004\100\004\070\004\067\004\075\004\060\004\072\004\076\004\062}{section.1.3}% 14
\BOOKMARK [2][-]{subsection.1.3.9}{\376\377\004\050\004\060\004\063\000\040\0009\000:\000\040\004\022\004\070\004\067\004\103\004\060\004\073\004\070\004\067\004\060\004\106\004\070\004\117\000\040\004\100\004\065\004\067\004\103\004\073\004\114\004\102\004\060\004\102\004\076\004\062}{section.1.3}% 15
\BOOKMARK [2][-]{subsection.1.3.10}{\376\377\004\050\004\060\004\063\000\040\0001\0000\000:\000\040\004\037\004\100\004\070\004\074\004\065\004\075\004\065\004\075\004\070\004\065\000\040\004\074\004\076\004\064\004\065\004\073\004\070\000\040\004\064\004\073\004\117\000\040\004\075\004\076\004\062\004\076\004\063\004\076\000\040\004\076\004\061\004\112\004\065\004\072\004\102\004\060}{section.1.3}% 16
\BOOKMARK [1][-]{section.1.4}{\376\377\004\041\004\100\004\060\004\062\004\075\004\065\004\075\004\070\004\065\000\040\004\074\004\076\004\064\004\065\004\073\004\065\004\071}{chapter.1}% 17
\BOOKMARK [1][-]{section.1.5}{\376\377\004\020\004\075\004\060\004\073\004\070\004\067\000\040\004\100\004\065\004\067\004\103\004\073\004\114\004\102\004\060\004\102\004\076\004\062}{chapter.1}% 18
\BOOKMARK [1][-]{section.1.6}{\376\377\004\032\004\076\004\075\004\102\004\100\004\076\004\073\004\114\004\075\004\113\004\065\000\040\004\062\004\076\004\077\004\100\004\076\004\101\004\113}{chapter.1}% 19
\BOOKMARK [1][-]{section.1.7}{\376\377\004\033\004\070\004\101\004\102\004\070\004\075\004\063\000\040\004\077\004\100\004\076\004\063\004\100\004\060\004\074\004\074\004\113}{chapter.1}% 20
